0 info it worked if it ends with ok
1 verbose cli [ '/usr/bin/nodejs', '/usr/bin/npm', 'start' ]
2 info using npm@3.6.0
3 info using node@v5.7.0
4 verbose stack Error: Invalid version: "0.1"
4 verbose stack     at Object.module.exports.fixVersionField (/usr/lib/node_modules/npm/node_modules/normalize-package-data/lib/fixer.js:191:13)
4 verbose stack     at /usr/lib/node_modules/npm/node_modules/normalize-package-data/lib/normalize.js:32:38
4 verbose stack     at Array.forEach (native)
4 verbose stack     at normalize (/usr/lib/node_modules/npm/node_modules/normalize-package-data/lib/normalize.js:31:15)
4 verbose stack     at final (/usr/lib/node_modules/npm/node_modules/read-package-json/read-json.js:338:5)
4 verbose stack     at then (/usr/lib/node_modules/npm/node_modules/read-package-json/read-json.js:113:5)
4 verbose stack     at /usr/lib/node_modules/npm/node_modules/read-package-json/read-json.js:300:12
4 verbose stack     at /usr/lib/node_modules/npm/node_modules/graceful-fs/graceful-fs.js:76:16
4 verbose stack     at tryToString (fs.js:414:3)
4 verbose stack     at FSReqWrap.readFileAfterClose [as oncomplete] (fs.js:401:12)
5 verbose cwd /home/roshan/Project/noteDown
6 error Linux 3.13.0-77-generic
7 error argv "/usr/bin/nodejs" "/usr/bin/npm" "start"
8 error node v5.7.0
9 error npm  v3.6.0
10 error Invalid version: "0.1"
11 error If you need help, you may report this error at:
11 error     <https://github.com/npm/npm/issues>
12 verbose exit [ 1, true ]
